#
# A fatal error has been detected by the Java Runtime Environment:
#
#  EXCEPTION_ACCESS_VIOLATION (0xc0000005) at pc=0x00007ffed893fa7a, pid=2856, tid=10564
#
# JRE version: OpenJDK Runtime Environment Temurin-17.0.4+8 (17.0.4+8) (build 17.0.4+8)
# Java VM: OpenJDK 64-Bit Server VM Temurin-17.0.4+8 (17.0.4+8, mixed mode, tiered, compressed oops, compressed class ptrs, g1 gc, windows-amd64)
# Problematic frame:
# V  [jvm.dll+0x79fa7a]
#
# No core dump will be written. Minidumps are not enabled by default on client versions of Windows
#
# If you would like to submit a bug report, please visit:
#   https://github.com/adoptium/adoptium-support/issues
#

---------------  S U M M A R Y ------------

Command Line: -XX:+ShowCodeDetailsInExceptionMessages -agentlib:jdwp=transport=dt_socket,suspend=y,address=localhost:59522 -javaagent:C:\Users\Administrator\MyFiles\Apps\Eclipse\eclipse\configuration\org.eclipse.osgi\215\0\.cp\lib\javaagent-shaded.jar -Dfile.encoding=UTF-8 com.amazonaws.lambda.demo.QwirkleFunctionHandler

Host: 12th Gen Intel(R) Core(TM) i7-12700K, 20 cores, 31G,  Windows 11 , 64 bit Build 22621 (10.0.22621.1194)
Time: Thu Feb 23 19:58:34 2023 Pacific Standard Time elapsed time: 30.344671 seconds (0d 0h 0m 30s)

---------------  T H R E A D  ---------------

Current thread (0x0000021a964b5e60):  JavaThread "JDWP Transport Listener: dt_socket" daemon [_thread_in_vm, id=10564, stack(0x000000596e200000,0x000000596e300000)]

Stack: [0x000000596e200000,0x000000596e300000],  sp=0x000000596e2ff650,  free space=1021k
Native frames: (J=compiled Java code, j=interpreted, Vv=VM code, C=native code)
V  [jvm.dll+0x79fa7a]
V  [jvm.dll+0x50963c]
V  [jvm.dll+0x4d0ca4]
C  [jdwp.dll+0x22f7b]


siginfo: EXCEPTION_ACCESS_VIOLATION (0xc0000005), reading address 0x0000000001e8007f


Register to memory mapping:

RIP=0x00007ffed893fa7a jvm.dll
RAX=0x00000000000001e7 is an unknown value
RBX=0x0000021a9620a223 points into unknown readable memory: 2f 6c 61 6d 62
RCX=0x0000000001e8007b is an unknown value
RDX=0x0000021a9e0d4440 points into unknown readable memory: 0x616d612f6d6f634c | 4c 63 6f 6d 2f 61 6d 61
RSP=0x000000596e2ff650 is pointing into the stack for thread: 0x0000021a964b5e60
RBP=0x0000021a9647ed50 points into unknown readable memory: 0x0000021a00000002 | 02 00 00 00 1a 02 00 00
RSI=0x0 is NULL
RDI=0xffffffffffffffff is an unknown value
R8 =0x000000000000000f is an unknown value
R9 =0x0000000000000040 is an unknown value
R10=0x0 is NULL
R11=0x000000596e2ff670 is pointing into the stack for thread: 0x0000021a964b5e60
R12=0x000000596e2ff7a8 is pointing into the stack for thread: 0x0000021a964b5e60
R13=0x0 is NULL
R14=0x0000000800105690 is a pointer to class: 
com.amazonaws.lambda.demo.QwirkleFunctionHandler {0x0000000800105698}
 - instance size:     3
 - klass size:        70
 - access:            public synchronized 
 - state:             fully_initialized
 - name:              'com/amazonaws/lambda/demo/QwirkleFunctionHandler'
 - super:             'java/lang/Object'
 - sub:               
 - arrays:            NULL
 - methods:           Array<T>(0x0000021a9e891f80)
 - method ordering:   Array<T>(0x0000021a9e894ef8)
 - default_methods:   Array<T>(0x0000000000000000)
 - local interfaces:  Array<T>(0x0000021a97c410c8)
 - trans. interfaces: Array<T>(0x0000021a97c410c8)
 - constants:         constant pool [528]/operands[14] {0x0000021a9e898008} for 'com/amazonaws/lambda/demo/QwirkleFunctionHandler' cache=0x0000021a9e8990c8
 - class loader data:  loader data: 0x0000021a96377e70 for instance a 'jdk/internal/loader/ClassLoaders$AppClassLoader'{0x0000000604c00000}
 - source file:       'QwirkleFunctionHandler.java'
 - source debug extension:       SMAP
QwirkleFunctionHandler.java
Java
*S jdt
*F
1 QwirkleFunctionHandler.java
2 file:/C:/Users/Administrator/MyFiles/Apps/Eclipse/Default/QwirkleLambda/target/classes/
*L
*E

 - class annotations:       Array<T>(0x0000000000000000)
 - class type annotations:  Array<T>(0x0000000000000000)
 - field annotations:       Array<T>(0x0000000000000000)
 - field type annotations:  Array<T>(0x0000000000000000)
 - previous version:  constant pool [528]/operands[14] {0x0000021a97c40008} for 'com/amazonaws/lambda/demo/QwirkleFunctionHandler' (extra) cache=0x0000021a97c436e8
 - generic signature: '
[error occurred during error reporting (printing register info), id 0xc0000005, EXCEPTION_ACCESS_VIOLATION (0xc0000005) at pc=0x00007ffed8940686]

Registers:
RAX=0x00000000000001e7, RBX=0x0000021a9620a223, RCX=0x0000000001e8007b, RDX=0x0000021a9e0d4440
RSP=0x000000596e2ff650, RBP=0x0000021a9647ed50, RSI=0x0000000000000000, RDI=0xffffffffffffffff
R8 =0x000000000000000f, R9 =0x0000000000000040, R10=0x0000000000000000, R11=0x000000596e2ff670
R12=0x000000596e2ff7a8, R13=0x0000000000000000, R14=0x0000000800105690, R15=0x000000596e2ff7f8
RIP=0x00007ffed893fa7a, EFLAGS=0x0000000000010206

Top of Stack: (sp=0x000000596e2ff650)
0x000000596e2ff650:   0000000000000030 0000000800105690
0x000000596e2ff660:   0000021a964b5e60 0000000000000000
0x000000596e2ff670:   ffffffffffffffff 00007ffed86a963c
0x000000596e2ff680:   0000021a9620a223 0000021a9620a1f0
0x000000596e2ff690:   0000021a9647ed50 0000021a99760560
0x000000596e2ff6a0:   0000021a9620a1a0 00000000000003d8
0x000000596e2ff6b0:   0000021a9620a1b0 0000021a9620a588
0x000000596e2ff6c0:   0000000000000002 000000596e2ff7a8
0x000000596e2ff6d0:   0000000000000000 0000000000000000
0x000000596e2ff6e0:   0000000604ee8d38 00007ffed8670ca4
0x000000596e2ff6f0:   0000021a964b5e60 000000596e2ff7f8
0x000000596e2ff700:   0000021aeab5b810 000000596e2ff7f8
0x000000596e2ff710:   0000021a964b5e60 0000000000000000
0x000000596e2ff720:   0000021a00000000 0000000000000000
0x000000596e2ff730:   000000000000000d 00007fff1c112f7b
0x000000596e2ff740:   000000596e2ff7f0 00007fff1c121600 

Instructions: (pc=0x00007ffed893fa7a)
0x00007ffed893f97a:   48 83 c4 20 5f e9 6c 69 90 ff cc cc cc cc cc cc
0x00007ffed893f98a:   cc cc cc cc cc cc 48 89 5c 24 08 57 48 83 ec 20
0x00007ffed893f99a:   83 fa 02 8d 42 06 b9 08 00 00 00 49 8b d8 0f 4e
0x00007ffed893f9aa:   c1 48 63 c8 48 83 c1 07 83 e1 f8 48 63 f9 49 8b
0x00007ffed893f9ba:   48 18 48 8b c7 48 f7 d0 48 3b c1 73 16 4c 8d 05
0x00007ffed893f9ca:   6a 58 17 00 48 8b d7 48 8b cb e8 77 cc 90 ff 48
0x00007ffed893f9da:   8b 4b 18 48 8d 04 39 48 3b 43 20 76 18 45 33 c0
0x00007ffed893f9ea:   48 8b d7 48 8b cb 48 8b 5c 24 30 48 83 c4 20 5f
0x00007ffed893f9fa:   e9 d1 c8 90 ff 48 89 43 18 48 8b c1 48 8b 5c 24
0x00007ffed893fa0a:   30 48 83 c4 20 5f c3 cc cc cc cc cc cc cc cc cc
0x00007ffed893fa1a:   cc cc cc cc cc cc 4c 8b d2 4c 8b d9 45 85 c0 7e
0x00007ffed893fa2a:   3c 44 0f b7 49 04 41 8d 40 ff 41 3b c1 44 0f 4c
0x00007ffed893fa3a:   c8 4d 63 c1 45 85 c9 7e 1f 48 8b c2 4c 2b da 49
0x00007ffed893fa4a:   8b d0 0f 1f 40 00 41 0f b6 4c 03 06 88 08 48 8d
0x00007ffed893fa5a:   40 01 48 83 ea 01 75 ee 43 c6 04 10 00 49 8b c2
0x00007ffed893fa6a:   c3 cc cc cc cc cc 48 89 5c 24 08 57 48 83 ec 20
0x00007ffed893fa7a:   0f b7 59 04 48 8b f9 33 d2 48 8d 4b 01 e8 c4 d9
0x00007ffed893fa8a:   f2 ff 0f b7 57 04 4c 8b c0 3b da 0f 42 d3 44 8b
0x00007ffed893fa9a:   ca 85 d2 74 39 48 2b f8 0f 1f 40 00 66 66 0f 1f
0x00007ffed893faaa:   84 00 00 00 00 00 0f b6 4c 07 06 88 08 48 ff c0
0x00007ffed893faba:   48 8b c8 49 2b c8 49 3b c9 7c eb 42 c6 04 02 00
0x00007ffed893faca:   49 8b c0 48 8b 5c 24 30 48 83 c4 20 5f c3 48 8b
0x00007ffed893fada:   5c 24 30 c6 04 02 00 48 83 c4 20 5f c3 cc cc cc
0x00007ffed893faea:   cc cc cc cc cc cc 4c 8b d1 45 85 c0 7e 6c 44 0f
0x00007ffed893fafa:   b7 49 04 41 8d 40 ff 41 3b c1 44 0f 4c c8 4d 63
0x00007ffed893fb0a:   d9 45 85 c9 7e 22 48 8b ca 4c 2b d2 4d 8b c3 0f
0x00007ffed893fb1a:   1f 80 00 00 00 00 41 0f b6 44 0a 06 88 01 48 8d
0x00007ffed893fb2a:   49 01 49 83 e8 01 75 ee 41 c6 04 13 00 48 c7 c0
0x00007ffed893fb3a:   ff ff ff ff 66 90 48 ff c0 80 3c 02 00 75 f7 48
0x00007ffed893fb4a:   63 c8 85 c0 48 8b c2 7e 14 80 38 2f 75 03 c6 00
0x00007ffed893fb5a:   2e 48 ff c0 48 83 e9 01 75 ef 48 8b c2 c3 cc cc
0x00007ffed893fb6a:   cc cc cc cc cc cc 48 83 ec 28 e8 f7 fe ff ff 4c 


Stack slot to memory mapping:
stack at sp + 0 slots: 0x0000000000000030 is an unknown value
stack at sp + 1 slots: 0x0000000800105690 is a pointer to class: 
com.amazonaws.lambda.demo.QwirkleFunctionHandler {0x0000000800105698}
 - instance size:     3
 - klass size:        70
 - access:            public synchronized 
 - state:             fully_initialized
 - name:              'com/amazonaws/lambda/demo/QwirkleFunctionHandler'
 - super:             'java/lang/Object'
 - sub:               
 - arrays:            NULL
 - methods:           Array<T>(0x0000021a9e891f80)
 - method ordering:   Array<T>(0x0000021a9e894ef8)
 - default_methods:   Array<T>(0x0000000000000000)
 - local interfaces:  Array<T>(0x0000021a97c410c8)
 - trans. interfaces: Array<T>(0x0000021a97c410c8)
 - constants:         constant pool [528]/operands[14] {0x0000021a9e898008} for 'com/amazonaws/lambda/demo/QwirkleFunctionHandler' cache=0x0000021a9e8990c8
 - class loader data:  loader data: 0x0000021a96377e70 for instance a 'jdk/internal/loader/ClassLoaders$AppClassLoader'{0x0000000604c00000}
 - source file:       'QwirkleFunctionHandler.java'
 - source debug extension:       SMAP
QwirkleFunctionHandler.java
Java
*S jdt
*F
1 QwirkleFunctionHandler.java
2 file:/C:/Users/Administrator/MyFiles/Apps/Eclipse/Default/QwirkleLambda/target/classes/
*L
*E

 - class annotations:       Array<T>(0x0000000000000000)
 - class type annotations:  Array<T>(0x0000000000000000)
 - field annotations:       Array<T>(0x0000000000000000)
 - field type annotations:  Array<T>(0x0000000000000000)
 - previous version:  constant pool [528]/operands[14] {0x0000021a97c40008} for 'com/amazonaws/lambda/demo/QwirkleFunctionHandler' (extra) cache=0x0000021a97c436e8
 - generic signature: '
[error occurred during error reporting (inspecting top of stack), id 0xc0000005, EXCEPTION_ACCESS_VIOLATION (0xc0000005) at pc=0x00007ffed8940686]


---------------  P R O C E S S  ---------------

Threads class SMR info:
_java_thread_list=0x0000021a99c57840, length=16, elements={
0x0000021aecdb0a60, 0x0000021a96182030, 0x0000021a96183310, 0x0000021a961d9b40,
0x0000021a961da400, 0x0000021a961ea520, 0x0000021a961eaae0, 0x0000021a961f6cd0,
0x0000021a961f86d0, 0x0000021a96209880, 0x0000021a9631f020, 0x0000021a964b5e60,
0x0000021a97049ff0, 0x0000021a9704aae0, 0x0000021a97290190, 0x0000021a9cee22a0
}

Java Threads: ( => current thread )
  0x0000021aecdb0a60 JavaThread "main" [_thread_blocked, id=14356, stack(0x000000596ce00000,0x000000596cf00000)]
  0x0000021a96182030 JavaThread "Reference Handler" daemon [_thread_blocked, id=20632, stack(0x000000596d500000,0x000000596d600000)]
  0x0000021a96183310 JavaThread "Finalizer" daemon [_thread_blocked, id=23292, stack(0x000000596d600000,0x000000596d700000)]
  0x0000021a961d9b40 JavaThread "Signal Dispatcher" daemon [_thread_blocked, id=24732, stack(0x000000596d700000,0x000000596d800000)]
  0x0000021a961da400 JavaThread "Attach Listener" daemon [_thread_blocked, id=6232, stack(0x000000596d800000,0x000000596d900000)]
  0x0000021a961ea520 JavaThread "Service Thread" daemon [_thread_blocked, id=19224, stack(0x000000596d900000,0x000000596da00000)]
  0x0000021a961eaae0 JavaThread "Monitor Deflation Thread" daemon [_thread_blocked, id=6764, stack(0x000000596da00000,0x000000596db00000)]
  0x0000021a961f6cd0 JavaThread "C2 CompilerThread0" daemon [_thread_blocked, id=24404, stack(0x000000596db00000,0x000000596dc00000)]
  0x0000021a961f86d0 JavaThread "C1 CompilerThread0" daemon [_thread_blocked, id=6596, stack(0x000000596dc00000,0x000000596dd00000)]
  0x0000021a96209880 JavaThread "Sweeper thread" daemon [_thread_blocked, id=444, stack(0x000000596dd00000,0x000000596de00000)]
  0x0000021a9631f020 JavaThread "Common-Cleaner" daemon [_thread_blocked, id=25576, stack(0x000000596de00000,0x000000596df00000)]
=>0x0000021a964b5e60 JavaThread "JDWP Transport Listener: dt_socket" daemon [_thread_in_vm, id=10564, stack(0x000000596e200000,0x000000596e300000)]
  0x0000021a97049ff0 JavaThread "JDWP Event Helper Thread" daemon [_thread_blocked, id=20108, stack(0x000000596e300000,0x000000596e400000)]
  0x0000021a9704aae0 JavaThread "JDWP Command Reader" daemon [_thread_in_native, id=18972, stack(0x000000596e400000,0x000000596e500000)]
  0x0000021a97290190 JavaThread "Notification Thread" daemon [_thread_blocked, id=7456, stack(0x000000596e500000,0x000000596e600000)]
  0x0000021a9cee22a0 JavaThread "java-sdk-http-connection-reaper" daemon [_thread_blocked, id=10756, stack(0x000000596ff00000,0x0000005970000000)]

Other Threads:
  0x0000021a961b3bb0 VMThread "VM Thread" [stack: 0x000000596d400000,0x000000596d500000] [id=15388]
  0x0000021a92f24270 WatcherThread [stack: 0x000000596e600000,0x000000596e700000] [id=16620]
  0x0000021aece5e500 GCTaskThread "GC Thread#0" [stack: 0x000000596cf00000,0x000000596d000000] [id=16608]
  0x0000021a975e5b20 GCTaskThread "GC Thread#1" [stack: 0x000000596e700000,0x000000596e800000] [id=19792]
  0x0000021a985b1610 GCTaskThread "GC Thread#2" [stack: 0x000000596e800000,0x000000596e900000] [id=20860]
  0x0000021a97628880 GCTaskThread "GC Thread#3" [stack: 0x000000596e900000,0x000000596ea00000] [id=7752]
  0x0000021a977fe5f0 GCTaskThread "GC Thread#4" [stack: 0x000000596ea00000,0x000000596eb00000] [id=10760]
  0x0000021a977fe8a0 GCTaskThread "GC Thread#5" [stack: 0x000000596eb00000,0x000000596ec00000] [id=20436]
  0x0000021a977feb50 GCTaskThread "GC Thread#6" [stack: 0x000000596ec00000,0x000000596ed00000] [id=8248]
  0x0000021a9759a750 GCTaskThread "GC Thread#7" [stack: 0x000000596ed00000,0x000000596ee00000] [id=26564]
  0x0000021a9759aa00 GCTaskThread "GC Thread#8" [stack: 0x000000596ee00000,0x000000596ef00000] [id=21948]
  0x0000021a98532ef0 GCTaskThread "GC Thread#9" [stack: 0x000000596ef00000,0x000000596f000000] [id=17204]
  0x0000021a9759acb0 GCTaskThread "GC Thread#10" [stack: 0x000000596f000000,0x000000596f100000] [id=11636]
  0x0000021a9759af60 GCTaskThread "GC Thread#11" [stack: 0x000000596f100000,0x000000596f200000] [id=6944]
  0x0000021a9c4de4d0 GCTaskThread "GC Thread#12" [stack: 0x000000596f900000,0x000000596fa00000] [id=3748]
  0x0000021a9c4de780 GCTaskThread "GC Thread#13" [stack: 0x000000596fa00000,0x000000596fb00000] [id=4704]
  0x0000021a9c4df240 GCTaskThread "GC Thread#14" [stack: 0x000000596fb00000,0x000000596fc00000] [id=16696]
  0x0000021a92ef2010 ConcurrentGCThread "G1 Main Marker" [stack: 0x000000596d000000,0x000000596d100000] [id=22580]
  0x0000021a92ef3a30 ConcurrentGCThread "G1 Conc#0" [stack: 0x000000596d100000,0x000000596d200000] [id=17192]
  0x0000021a9c4dea30 ConcurrentGCThread "G1 Conc#1" [stack: 0x000000596fc00000,0x000000596fd00000] [id=26608]
  0x0000021a9c4dece0 ConcurrentGCThread "G1 Conc#2" [stack: 0x000000596fd00000,0x000000596fe00000] [id=27504]
  0x0000021a9c4df4f0 ConcurrentGCThread "G1 Conc#3" [stack: 0x000000596fe00000,0x000000596ff00000] [id=25896]
  0x0000021a92fdfc40 ConcurrentGCThread "G1 Refine#0" [stack: 0x000000596d200000,0x000000596d300000] [id=1628]
  0x0000021a92fe1510 ConcurrentGCThread "G1 Service" [stack: 0x000000596d300000,0x000000596d400000] [id=15320]

Threads with active compile tasks:

VM state: not at safepoint (normal execution)

VM Mutex/Monitor currently owned by a thread: None

Heap address: 0x0000000604000000, size: 8128 MB, Compressed Oops mode: Zero based, Oop shift amount: 3

CDS archive(s) not mapped
Compressed class space mapped at: 0x0000000800000000-0x0000000840000000, reserved size: 1073741824
Narrow klass base: 0x0000000800000000, Narrow klass shift: 0, Narrow klass range: 0x40000000

GC Precious Log:
 CPUs: 20 total, 20 available
 Memory: 32509M
 Large Page Support: Disabled
 NUMA Support: Disabled
 Compressed Oops: Enabled (Zero based)
 Heap Region Size: 4M
 Heap Min Capacity: 8M
 Heap Initial Capacity: 508M
 Heap Max Capacity: 8128M
 Pre-touch: Disabled
 Parallel Workers: 15
 Concurrent Workers: 4
 Concurrent Refinement Workers: 15
 Periodic GC: Disabled

Heap:
 garbage-first heap   total 282624K, used 25216K [0x0000000604000000, 0x0000000800000000)
  region size 4096K, 6 young (24576K), 1 survivors (4096K)
 Metaspace       used 29147K, committed 29312K, reserved 1081344K
  class space    used 3093K, committed 3136K, reserved 1048576K

Heap Regions: E=young(eden), S=young(survivor), O=old, HS=humongous(starts), HC=humongous(continues), CS=collection set, F=free, OA=open archive, CA=closed archive, TAMS=top-at-mark-start (previous, next)
|   0|0x0000000604000000, 0x0000000604000000, 0x0000000604400000|  0%| F|  |TAMS 0x0000000604000000, 0x0000000604000000| Untracked 
|   1|0x0000000604400000, 0x0000000604400000, 0x0000000604800000|  0%| F|  |TAMS 0x0000000604400000, 0x0000000604400000| Untracked 
|   2|0x0000000604800000, 0x0000000604899dc8, 0x0000000604c00000| 15%| S|CS|TAMS 0x0000000604800000, 0x0000000604800000| Complete 
|   3|0x0000000604c00000, 0x0000000605000000, 0x0000000605000000|100%| O|  |TAMS 0x0000000604c00000, 0x0000000604c00000| Untracked 
|   4|0x0000000605000000, 0x0000000605400000, 0x0000000605400000|100%| O|  |TAMS 0x0000000605000000, 0x0000000605000000| Untracked 
|   5|0x0000000605400000, 0x0000000605406600, 0x0000000605800000|  0%| O|  |TAMS 0x0000000605400000, 0x0000000605400000| Untracked 
|   6|0x0000000605800000, 0x0000000605800000, 0x0000000605c00000|  0%| F|  |TAMS 0x0000000605800000, 0x0000000605800000| Untracked 
|   7|0x0000000605c00000, 0x0000000605c00000, 0x0000000606000000|  0%| F|  |TAMS 0x0000000605c00000, 0x0000000605c00000| Untracked 
|   8|0x0000000606000000, 0x0000000606000000, 0x0000000606400000|  0%| F|  |TAMS 0x0000000606000000, 0x0000000606000000| Untracked 
|   9|0x0000000606400000, 0x0000000606400000, 0x0000000606800000|  0%| F|  |TAMS 0x0000000606400000, 0x0000000606400000| Untracked 
|  10|0x0000000606800000, 0x0000000606800000, 0x0000000606c00000|  0%| F|  |TAMS 0x0000000606800000, 0x0000000606800000| Untracked 
|  11|0x0000000606c00000, 0x0000000606c00000, 0x0000000607000000|  0%| F|  |TAMS 0x0000000606c00000, 0x0000000606c00000| Untracked 
|  12|0x0000000607000000, 0x0000000607000000, 0x0000000607400000|  0%| F|  |TAMS 0x0000000607000000, 0x0000000607000000| Untracked 
|  13|0x0000000607400000, 0x0000000607400000, 0x0000000607800000|  0%| F|  |TAMS 0x0000000607400000, 0x0000000607400000| Untracked 
|  14|0x0000000607800000, 0x0000000607800000, 0x0000000607c00000|  0%| F|  |TAMS 0x0000000607800000, 0x0000000607800000| Untracked 
|  15|0x0000000607c00000, 0x0000000607c00000, 0x0000000608000000|  0%| F|  |TAMS 0x0000000607c00000, 0x0000000607c00000| Untracked 
|  16|0x0000000608000000, 0x0000000608000000, 0x0000000608400000|  0%| F|  |TAMS 0x0000000608000000, 0x0000000608000000| Untracked 
|  17|0x0000000608400000, 0x0000000608400000, 0x0000000608800000|  0%| F|  |TAMS 0x0000000608400000, 0x0000000608400000| Untracked 
|  18|0x0000000608800000, 0x0000000608800000, 0x0000000608c00000|  0%| F|  |TAMS 0x0000000608800000, 0x0000000608800000| Untracked 
|  19|0x0000000608c00000, 0x0000000608c00000, 0x0000000609000000|  0%| F|  |TAMS 0x0000000608c00000, 0x0000000608c00000| Untracked 
|  20|0x0000000609000000, 0x0000000609000000, 0x0000000609400000|  0%| F|  |TAMS 0x0000000609000000, 0x0000000609000000| Untracked 
|  21|0x0000000609400000, 0x0000000609400000, 0x0000000609800000|  0%| F|  |TAMS 0x0000000609400000, 0x0000000609400000| Untracked 
|  22|0x0000000609800000, 0x0000000609800000, 0x0000000609c00000|  0%| F|  |TAMS 0x0000000609800000, 0x0000000609800000| Untracked 
|  23|0x0000000609c00000, 0x0000000609c00000, 0x000000060a000000|  0%| F|  |TAMS 0x0000000609c00000, 0x0000000609c00000| Untracked 
|  24|0x000000060a000000, 0x000000060a000000, 0x000000060a400000|  0%| F|  |TAMS 0x000000060a000000, 0x000000060a000000| Untracked 
|  25|0x000000060a400000, 0x000000060a400000, 0x000000060a800000|  0%| F|  |TAMS 0x000000060a400000, 0x000000060a400000| Untracked 
|  26|0x000000060a800000, 0x000000060a800000, 0x000000060ac00000|  0%| F|  |TAMS 0x000000060a800000, 0x000000060a800000| Untracked 
|  27|0x000000060ac00000, 0x000000060ac00000, 0x000000060b000000|  0%| F|  |TAMS 0x000000060ac00000, 0x000000060ac00000| Untracked 
|  28|0x000000060b000000, 0x000000060b000000, 0x000000060b400000|  0%| F|  |TAMS 0x000000060b000000, 0x000000060b000000| Untracked 
|  29|0x000000060b400000, 0x000000060b400000, 0x000000060b800000|  0%| F|  |TAMS 0x000000060b400000, 0x000000060b400000| Untracked 
|  30|0x000000060b800000, 0x000000060b800000, 0x000000060bc00000|  0%| F|  |TAMS 0x000000060b800000, 0x000000060b800000| Untracked 
|  31|0x000000060bc00000, 0x000000060bc00000, 0x000000060c000000|  0%| F|  |TAMS 0x000000060bc00000, 0x000000060bc00000| Untracked 
|  32|0x000000060c000000, 0x000000060c000000, 0x000000060c400000|  0%| F|  |TAMS 0x000000060c000000, 0x000000060c000000| Untracked 
|  33|0x000000060c400000, 0x000000060c400000, 0x000000060c800000|  0%| F|  |TAMS 0x000000060c400000, 0x000000060c400000| Untracked 
|  34|0x000000060c800000, 0x000000060c800000, 0x000000060cc00000|  0%| F|  |TAMS 0x000000060c800000, 0x000000060c800000| Untracked 
|  35|0x000000060cc00000, 0x000000060cc00000, 0x000000060d000000|  0%| F|  |TAMS 0x000000060cc00000, 0x000000060cc00000| Untracked 
|  36|0x000000060d000000, 0x000000060d000000, 0x000000060d400000|  0%| F|  |TAMS 0x000000060d000000, 0x000000060d000000| Untracked 
|  37|0x000000060d400000, 0x000000060d400000, 0x000000060d800000|  0%| F|  |TAMS 0x000000060d400000, 0x000000060d400000| Untracked 
|  38|0x000000060d800000, 0x000000060d800000, 0x000000060dc00000|  0%| F|  |TAMS 0x000000060d800000, 0x000000060d800000| Untracked 
|  39|0x000000060dc00000, 0x000000060dc00000, 0x000000060e000000|  0%| F|  |TAMS 0x000000060dc00000, 0x000000060dc00000| Untracked 
|  40|0x000000060e000000, 0x000000060e000000, 0x000000060e400000|  0%| F|  |TAMS 0x000000060e000000, 0x000000060e000000| Untracked 
|  41|0x000000060e400000, 0x000000060e400000, 0x000000060e800000|  0%| F|  |TAMS 0x000000060e400000, 0x000000060e400000| Untracked 
|  42|0x000000060e800000, 0x000000060e800000, 0x000000060ec00000|  0%| F|  |TAMS 0x000000060e800000, 0x000000060e800000| Untracked 
|  43|0x000000060ec00000, 0x000000060ec00000, 0x000000060f000000|  0%| F|  |TAMS 0x000000060ec00000, 0x000000060ec00000| Untracked 
|  44|0x000000060f000000, 0x000000060f000000, 0x000000060f400000|  0%| F|  |TAMS 0x000000060f000000, 0x000000060f000000| Untracked 
|  45|0x000000060f400000, 0x000000060f400000, 0x000000060f800000|  0%| F|  |TAMS 0x000000060f400000, 0x000000060f400000| Untracked 
|  46|0x000000060f800000, 0x000000060f800000, 0x000000060fc00000|  0%| F|  |TAMS 0x000000060f800000, 0x000000060f800000| Untracked 
|  47|0x000000060fc00000, 0x000000060fc00000, 0x0000000610000000|  0%| F|  |TAMS 0x000000060fc00000, 0x000000060fc00000| Untracked 
|  48|0x0000000610000000, 0x0000000610000000, 0x0000000610400000|  0%| F|  |TAMS 0x0000000610000000, 0x0000000610000000| Untracked 
|  49|0x0000000610400000, 0x0000000610400000, 0x0000000610800000|  0%| F|  |TAMS 0x0000000610400000, 0x0000000610400000| Untracked 
|  50|0x0000000610800000, 0x0000000610800000, 0x0000000610c00000|  0%| F|  |TAMS 0x0000000610800000, 0x0000000610800000| Untracked 
|  51|0x0000000610c00000, 0x0000000610c00000, 0x0000000611000000|  0%| F|  |TAMS 0x0000000610c00000, 0x0000000610c00000| Untracked 
|  52|0x0000000611000000, 0x0000000611000000, 0x0000000611400000|  0%| F|  |TAMS 0x0000000611000000, 0x0000000611000000| Untracked 
|  53|0x0000000611400000, 0x0000000611400000, 0x0000000611800000|  0%| F|  |TAMS 0x0000000611400000, 0x0000000611400000| Untracked 
|  54|0x0000000611800000, 0x0000000611800000, 0x0000000611c00000|  0%| F|  |TAMS 0x0000000611800000, 0x0000000611800000| Untracked 
|  55|0x0000000611c00000, 0x0000000611c00000, 0x0000000612000000|  0%| F|  |TAMS 0x0000000611c00000, 0x0000000611c00000| Untracked 
|  56|0x0000000612000000, 0x0000000612000000, 0x0000000612400000|  0%| F|  |TAMS 0x0000000612000000, 0x0000000612000000| Untracked 
|  57|0x0000000612400000, 0x0000000612400000, 0x0000000612800000|  0%| F|  |TAMS 0x0000000612400000, 0x0000000612400000| Untracked 
|  58|0x0000000612800000, 0x0000000612800000, 0x0000000612c00000|  0%| F|  |TAMS 0x0000000612800000, 0x0000000612800000| Untracked 
|  59|0x0000000612c00000, 0x0000000612c00000, 0x0000000613000000|  0%| F|  |TAMS 0x0000000612c00000, 0x0000000612c00000| Untracked 
|  60|0x0000000613000000, 0x0000000613000000, 0x0000000613400000|  0%| F|  |TAMS 0x0000000613000000, 0x0000000613000000| Untracked 
|  61|0x0000000613400000, 0x0000000613400000, 0x0000000613800000|  0%| F|  |TAMS 0x0000000613400000, 0x0000000613400000| Untracked 
|  62|0x0000000613800000, 0x0000000613800000, 0x0000000613c00000|  0%| F|  |TAMS 0x0000000613800000, 0x0000000613800000| Untracked 
|  63|0x0000000613c00000, 0x0000000613c00000, 0x0000000614000000|  0%| F|  |TAMS 0x0000000613c00000, 0x0000000613c00000| Untracked 
|  64|0x0000000614000000, 0x000000061439a1a0, 0x0000000614400000| 90%| E|  |TAMS 0x0000000614000000, 0x0000000614000000| Complete 
|  65|0x0000000614400000, 0x0000000614800000, 0x0000000614800000|100%| E|CS|TAMS 0x0000000614400000, 0x0000000614400000| Complete 
|  66|0x0000000614800000, 0x0000000614c00000, 0x0000000614c00000|100%| E|CS|TAMS 0x0000000614800000, 0x0000000614800000| Complete 
| 117|0x0000000621400000, 0x0000000621800000, 0x0000000621800000|100%| E|CS|TAMS 0x0000000621400000, 0x0000000621400000| Complete 
| 126|0x0000000623800000, 0x0000000623c00000, 0x0000000623c00000|100%| E|CS|TAMS 0x0000000623800000, 0x0000000623800000| Complete 

Card table byte_map: [0x0000021a80fe0000,0x0000021a81fc0000] _byte_map_base: 0x0000021a7dfc0000

Marking Bits (Prev, Next): (CMBitMap*) 0x0000021aece5eb50, (CMBitMap*) 0x0000021aece5eb10
 Prev Bits: [0x0000021a8aea0000, 0x0000021a92da0000)
 Next Bits: [0x0000021a82fa0000, 0x0000021a8aea0000)

Polling page: 0x0000021aeaa50000

Metaspace:

Usage:
  Non-class:     25.44 MB used.
      Class:      3.02 MB used.
       Both:     28.46 MB used.

Virtual space:
  Non-class space:       32.00 MB reserved,      25.56 MB ( 80%) committed,  4 nodes.
      Class space:        1.00 GB reserved,       3.06 MB ( <1%) committed,  1 nodes.
             Both:        1.03 GB reserved,      28.62 MB (  3%) committed. 

Chunk freelists:
   Non-Class:  2.39 MB
       Class:  960.00 KB
        Both:  3.33 MB

MaxMetaspaceSize: unlimited
CompressedClassSpaceSize: 1.00 GB
Initial GC threshold: 21.00 MB
Current GC threshold: 35.12 MB
CDS: off
MetaspaceReclaimPolicy: balanced
 - commit_granule_bytes: 65536.
 - commit_granule_words: 8192.
 - virtual_space_node_default_size: 1048576.
 - enlarge_chunks_in_place: 1.
 - new_chunks_are_fully_committed: 0.
 - uncommit_free_chunks: 1.
 - use_allocation_guard: 0.
 - handle_deallocations: 1.


Internal statistics:

num_allocs_failed_limit: 3.
num_arena_births: 142.
num_arena_deaths: 0.
num_vsnodes_births: 5.
num_vsnodes_deaths: 0.
num_space_committed: 458.
num_space_uncommitted: 0.
num_chunks_returned_to_freelist: 3.
num_chunks_taken_from_freelist: 598.
num_chunk_merges: 0.
num_chunk_splits: 429.
num_chunks_enlarged: 347.
num_purges: 0.
num_inconsistent_stats: 0.

CodeHeap 'non-profiled nmethods': size=119168Kb used=1882Kb max_used=1882Kb free=117285Kb
 bounds [0x0000021af8010000, 0x0000021af8280000, 0x0000021aff470000]
CodeHeap 'profiled nmethods': size=119104Kb used=5335Kb max_used=5335Kb free=113768Kb
 bounds [0x0000021af0bc0000, 0x0000021af1100000, 0x0000021af8010000]
CodeHeap 'non-nmethods': size=7488Kb used=1323Kb max_used=3103Kb free=6164Kb
 bounds [0x0000021af0470000, 0x0000021af0780000, 0x0000021af0bc0000]
 total_blobs=3167 nmethods=2608 adapters=471
 compilation: enabled
              stopped_count=0, restarted_count=0
 full_count=0

Compilation events (20 events):
Event: 1.470 Thread 0x0000021a96348bd0 nmethod 2599 0x0000021af10f2f90 code [0x0000021af10f3140, 0x0000021af10f33a8]
Event: 1.470 Thread 0x0000021a96348bd0 2600       1       com.amazonaws.protocol.json.internal.JsonMarshallerContext::jsonGenerator (5 bytes)
Event: 1.470 Thread 0x0000021a961f86d0 nmethod 2598 0x0000021af10f3490 code [0x0000021af10f3640, 0x0000021af10f3868]
Event: 1.470 Thread 0x0000021a964a5e20 nmethod 2597 0x0000021af10f3990 code [0x0000021af10f3b60, 0x0000021af10f3e38]
Event: 1.470 Thread 0x0000021a96348bd0 nmethod 2600 0x0000021af81cbd90 code [0x0000021af81cbf20, 0x0000021af81cbff8]
Event: 1.470 Thread 0x0000021a964a5e20 2605       1       java.util.concurrent.atomic.AtomicReference::get (5 bytes)
Event: 1.470 Thread 0x0000021a961f86d0 2604       1       java.util.Formatter$Flags::valueOf (5 bytes)
Event: 1.470 Thread 0x0000021a93097690 nmethod 2581 0x0000021af81cc090 code [0x0000021af81cc200, 0x0000021af81cc2b8]
Event: 1.470 Thread 0x0000021a961f86d0 nmethod 2604 0x0000021af81cc390 code [0x0000021af81cc520, 0x0000021af81cc5f8]
Event: 1.470 Thread 0x0000021a964a5e20 nmethod 2605 0x0000021af81cc690 code [0x0000021af81cc820, 0x0000021af81cc8f8]
Event: 1.470 Thread 0x0000021a96382400 nmethod 2603 0x0000021af10f3f90 code [0x0000021af10f41e0, 0x0000021af10f4968]
Event: 1.470 Thread 0x0000021a961f86d0 2606       3       org.apache.http.message.BasicListHeaderIterator::filterHeader (37 bytes)
Event: 1.470 Thread 0x0000021a961f86d0 nmethod 2606 0x0000021af10f4d90 code [0x0000021af10f4f60, 0x0000021af10f53e8]
Event: 1.471 Thread 0x0000021a93097690 2607 %     4       com.sun.crypto.provider.GHASH::blockMult @ 121 (245 bytes)
Event: 1.473 Thread 0x0000021a93097690 nmethod 2607% 0x0000021af81cc990 code [0x0000021af81ccb20, 0x0000021af81ccfb8]
Event: 1.501 Thread 0x0000021a961f6cd0 nmethod 2524 0x0000021af81cd190 code [0x0000021af81cd720, 0x0000021af81e0548]
Event: 1.517 Thread 0x0000021a964a5e20 2608       3       java.lang.Character::getType (9 bytes)
Event: 1.517 Thread 0x0000021a96382400 2609       3       org.joda.time.chrono.GregorianChronology::isLeapYear (27 bytes)
Event: 1.517 Thread 0x0000021a964a5e20 nmethod 2608 0x0000021af10f5590 code [0x0000021af10f5740, 0x0000021af10f5938]
Event: 1.517 Thread 0x0000021a96382400 nmethod 2609 0x0000021af10f5a10 code [0x0000021af10f5ba0, 0x0000021af10f5dd8]

GC Heap History (12 events):
Event: 0.285 GC heap before
{Heap before GC invocations=0 (full 0):
 garbage-first heap   total 520192K, used 20480K [0x0000000604000000, 0x0000000800000000)
  region size 4096K, 6 young (24576K), 0 survivors (0K)
 Metaspace       used 11889K, committed 12032K, reserved 1064960K
  class space    used 1047K, committed 1152K, reserved 1048576K
}
Event: 0.287 GC heap after
{Heap after GC invocations=1 (full 0):
 garbage-first heap   total 520192K, used 3134K [0x0000000604000000, 0x0000000800000000)
  region size 4096K, 1 young (4096K), 1 survivors (4096K)
 Metaspace       used 11889K, committed 12032K, reserved 1064960K
  class space    used 1047K, committed 1152K, reserved 1048576K
}
Event: 0.394 GC heap before
{Heap before GC invocations=1 (full 0):
 garbage-first heap   total 520192K, used 31806K [0x0000000604000000, 0x0000000800000000)
  region size 4096K, 8 young (32768K), 1 survivors (4096K)
 Metaspace       used 15553K, committed 15616K, reserved 1064960K
  class space    used 1422K, committed 1472K, reserved 1048576K
}
Event: 0.396 GC heap after
{Heap after GC invocations=2 (full 0):
 garbage-first heap   total 520192K, used 3938K [0x0000000604000000, 0x0000000800000000)
  region size 4096K, 1 young (4096K), 1 survivors (4096K)
 Metaspace       used 15553K, committed 15616K, reserved 1064960K
  class space    used 1422K, committed 1472K, reserved 1048576K
}
Event: 0.695 GC heap before
{Heap before GC invocations=2 (full 0):
 garbage-first heap   total 520192K, used 32610K [0x0000000604000000, 0x0000000800000000)
  region size 4096K, 9 young (36864K), 1 survivors (4096K)
 Metaspace       used 21337K, committed 21504K, reserved 1073152K
  class space    used 2133K, committed 2240K, reserved 1048576K
}
Event: 0.697 GC heap after
{Heap after GC invocations=3 (full 0):
 garbage-first heap   total 520192K, used 6388K [0x0000000604000000, 0x0000000800000000)
  region size 4096K, 1 young (4096K), 1 survivors (4096K)
 Metaspace       used 21337K, committed 21504K, reserved 1073152K
  class space    used 2133K, committed 2240K, reserved 1048576K
}
Event: 0.843 GC heap before
{Heap before GC invocations=4 (full 0):
 garbage-first heap   total 40960K, used 26868K [0x0000000604000000, 0x0000000800000000)
  region size 4096K, 7 young (28672K), 1 survivors (4096K)
 Metaspace       used 23056K, committed 23232K, reserved 1073152K
  class space    used 2359K, committed 2432K, reserved 1048576K
}
Event: 0.845 GC heap after
{Heap after GC invocations=5 (full 0):
 garbage-first heap   total 40960K, used 8514K [0x0000000604000000, 0x0000000800000000)
  region size 4096K, 2 young (8192K), 2 survivors (8192K)
 Metaspace       used 23056K, committed 23232K, reserved 1073152K
  class space    used 2359K, committed 2432K, reserved 1048576K
}
Event: 0.863 GC heap before
{Heap before GC invocations=5 (full 0):
 garbage-first heap   total 40960K, used 12610K [0x0000000604000000, 0x0000000800000000)
  region size 4096K, 3 young (12288K), 2 survivors (8192K)
 Metaspace       used 23416K, committed 23552K, reserved 1073152K
  class space    used 2419K, committed 2496K, reserved 1048576K
}
Event: 0.866 GC heap after
{Heap after GC invocations=6 (full 0):
 garbage-first heap   total 40960K, used 9182K [0x0000000604000000, 0x0000000800000000)
  region size 4096K, 1 young (4096K), 1 survivors (4096K)
 Metaspace       used 23416K, committed 23552K, reserved 1073152K
  class space    used 2419K, committed 2496K, reserved 1048576K
}
Event: 0.973 GC heap before
{Heap before GC invocations=6 (full 0):
 garbage-first heap   total 40960K, used 21470K [0x0000000604000000, 0x0000000800000000)
  region size 4096K, 4 young (16384K), 1 survivors (4096K)
 Metaspace       used 25223K, committed 25472K, reserved 1073152K
  class space    used 2636K, committed 2752K, reserved 1048576K
}
Event: 0.974 GC heap after
{Heap after GC invocations=7 (full 0):
 garbage-first heap   total 282624K, used 8832K [0x0000000604000000, 0x0000000800000000)
  region size 4096K, 1 young (4096K), 1 survivors (4096K)
 Metaspace       used 25223K, committed 25472K, reserved 1073152K
  class space    used 2636K, committed 2752K, reserved 1048576K
}

Deoptimization events (20 events):
Event: 1.274 Thread 0x0000021aecdb0a60 DEOPT PACKING pc=0x0000021af80f5f6c sp=0x000000596cefea50
Event: 1.274 Thread 0x0000021aecdb0a60 DEOPT UNPACKING pc=0x0000021af04c23a3 sp=0x000000596cefe9d8 mode 2
Event: 1.326 Thread 0x0000021aecdb0a60 Uncommon trap: trap_request=0xffffff45 fr.pc=0x0000021af81bc374 relative=0x0000000000002834
Event: 1.326 Thread 0x0000021aecdb0a60 Uncommon trap: reason=unstable_if action=reinterpret pc=0x0000021af81bc374 method=com.fasterxml.jackson.core.json.UTF8StreamJsonParser._parseName(I)Ljava/lang/String; @ 87 c2
Event: 1.326 Thread 0x0000021aecdb0a60 DEOPT PACKING pc=0x0000021af81bc374 sp=0x000000596cefe5f0
Event: 1.326 Thread 0x0000021aecdb0a60 DEOPT UNPACKING pc=0x0000021af04c23a3 sp=0x000000596cefe578 mode 2
Event: 1.326 Thread 0x0000021aecdb0a60 Uncommon trap: trap_request=0xffffffde fr.pc=0x0000021af80f5f6c relative=0x000000000000006c
Event: 1.326 Thread 0x0000021aecdb0a60 Uncommon trap: reason=class_check action=maybe_recompile pc=0x0000021af80f5f6c method=java.util.LinkedHashMap.afterNodeInsertion(Z)V @ 15 c2
Event: 1.326 Thread 0x0000021aecdb0a60 DEOPT PACKING pc=0x0000021af80f5f6c sp=0x000000596cefe880
Event: 1.326 Thread 0x0000021aecdb0a60 DEOPT UNPACKING pc=0x0000021af04c23a3 sp=0x000000596cefe808 mode 2
Event: 1.374 Thread 0x0000021aecdb0a60 Uncommon trap: trap_request=0xffffffde fr.pc=0x0000021af80f5f6c relative=0x000000000000006c
Event: 1.374 Thread 0x0000021aecdb0a60 Uncommon trap: reason=class_check action=maybe_recompile pc=0x0000021af80f5f6c method=java.util.LinkedHashMap.afterNodeInsertion(Z)V @ 15 c2
Event: 1.374 Thread 0x0000021aecdb0a60 DEOPT PACKING pc=0x0000021af80f5f6c sp=0x000000596cefe880
Event: 1.374 Thread 0x0000021aecdb0a60 DEOPT UNPACKING pc=0x0000021af04c23a3 sp=0x000000596cefe808 mode 2
Event: 1.420 Thread 0x0000021aecdb0a60 Uncommon trap: trap_request=0xffffff45 fr.pc=0x0000021af80a2d00 relative=0x0000000000000bc0
Event: 1.420 Thread 0x0000021aecdb0a60 Uncommon trap: reason=unstable_if action=reinterpret pc=0x0000021af80a2d00 method=com.fasterxml.jackson.core.util.TextBuffer.emptyAndGetCurrentSegment()[C @ 47 c2
Event: 1.420 Thread 0x0000021aecdb0a60 DEOPT PACKING pc=0x0000021af80a2d00 sp=0x000000596cefe0f0
Event: 1.420 Thread 0x0000021aecdb0a60 DEOPT UNPACKING pc=0x0000021af04c23a3 sp=0x000000596cefe078 mode 2
Event: 1.471 Thread 0x0000021aecdb0a60 DEOPT PACKING pc=0x0000021af10cfdcf sp=0x000000596cefdbe0
Event: 1.471 Thread 0x0000021aecdb0a60 DEOPT UNPACKING pc=0x0000021af04c2b43 sp=0x000000596cefd020 mode 0

Classes unloaded (0 events):
No events

Classes redefined (5 events):
Event: 30.317 Thread 0x0000021a961b3bb0 redefined class name=com.amazonaws.lambda.demo.Color, count=1
Event: 30.317 Thread 0x0000021a961b3bb0 redefined class name=com.amazonaws.lambda.demo.Pattern, count=1
Event: 30.317 Thread 0x0000021a961b3bb0 redefined class name=com.amazonaws.lambda.demo.QwirkleFunctionHandler, count=1
Event: 30.317 Thread 0x0000021a961b3bb0 redefined class name=com.amazonaws.lambda.demo.Shape, count=1
Event: 30.317 Thread 0x0000021a961b3bb0 redefined class name=com.amazonaws.lambda.demo.Tile, count=1

Internal exceptions (19 events):
Event: 0.224 Thread 0x0000021aecdb0a60 Exception <a 'java/lang/NoClassDefFoundError'{0x0000000623200b68}: org/apache/log4j/Category> (0x0000000623200b68) 
thrown [s\src\hotspot\share\classfile\systemDictionary.cpp, line 245]
Event: 0.407 Thread 0x0000021aecdb0a60 Exception <a 'java/lang/NoSuchMethodError'{0x000000062394a9b0}: 'java.lang.Object java.lang.invoke.DirectMethodHandle$Holder.newInvokeSpecial(java.lang.Object, java.lang.Object, java.lang.Object, java.lang.Object, java.lang.Object)'> (0x000000062394a9b0) 
thrown [s\src\hotspot\share\interpreter\linkResolver.cpp, line 759]
Event: 0.557 Thread 0x0000021aecdb0a60 Exception <a 'java/lang/NoSuchMethodError'{0x0000000622442188}: 'java.lang.Object java.lang.invoke.DirectMethodHandle$Holder.invokeStaticInit(java.lang.Object)'> (0x0000000622442188) 
thrown [s\src\hotspot\share\interpreter\linkResolver.cpp, line 759]
Event: 0.574 Thread 0x0000021aecdb0a60 Exception <a 'java/lang/NoSuchMethodError'{0x00000006224cca90}: 'int java.lang.invoke.DirectMethodHandle$Holder.invokeInterface(java.lang.Object, java.lang.Object)'> (0x00000006224cca90) 
thrown [s\src\hotspot\share\interpreter\linkResolver.cpp, line 759]
Event: 0.574 Thread 0x0000021aecdb0a60 Exception <a 'java/lang/IncompatibleClassChangeError'{0x00000006224d0090}: Found class java.lang.Object, but interface was expected> (0x00000006224d0090) 
thrown [s\src\hotspot\share\interpreter\linkResolver.cpp, line 826]
Event: 0.575 Thread 0x0000021aecdb0a60 Exception <a 'java/lang/NoSuchMethodError'{0x00000006224d5bd8}: 'void java.lang.invoke.DirectMethodHandle$Holder.invokeStatic(java.lang.Object, java.lang.Object)'> (0x00000006224d5bd8) 
thrown [s\src\hotspot\share\interpreter\linkResolver.cpp, line 759]
Event: 0.597 Thread 0x0000021aecdb0a60 Exception <a 'java/lang/NoSuchMethodError'{0x00000006225b73f0}: 'int java.lang.invoke.DirectMethodHandle$Holder.invokeSpecial(java.lang.Object, java.lang.Object, java.lang.Object)'> (0x00000006225b73f0) 
thrown [s\src\hotspot\share\interpreter\linkResolver.cpp, line 759]
Event: 0.626 Thread 0x0000021aecdb0a60 Exception <a 'java/lang/NoSuchMethodError'{0x00000006226ee458}: 'void java.lang.invoke.DirectMethodHandle$Holder.invokeStatic(java.lang.Object, java.lang.Object, java.lang.Object)'> (0x00000006226ee458) 
thrown [s\src\hotspot\share\interpreter\linkResolver.cpp, line 759]
Event: 0.661 Thread 0x0000021aecdb0a60 Exception <a 'java/lang/NoSuchMethodError'{0x0000000621c418e0}: 'java.lang.Object java.lang.invoke.DirectMethodHandle$Holder.invokeStaticInit(java.lang.Object, int, int, int, int)'> (0x0000000621c418e0) 
thrown [s\src\hotspot\share\interpreter\linkResolver.cpp, line 759]
Event: 0.673 Thread 0x0000021aecdb0a60 Exception <a 'sun/nio/fs/WindowsException'{0x0000000621d71680}> (0x0000000621d71680) 
thrown [s\src\hotspot\share\prims\jni.cpp, line 516]
Event: 0.682 Thread 0x0000021aecdb0a60 Exception <a 'java/lang/NoSuchMethodError'{0x0000000621dd1d78}: 'int java.lang.invoke.DirectMethodHandle$Holder.invokeStaticInit(java.lang.Object, java.lang.Object, java.lang.Object, java.lang.Object)'> (0x0000000621dd1d78) 
thrown [s\src\hotspot\share\interpreter\linkResolver.cpp, line 759]
Event: 0.683 Thread 0x0000021aecdb0a60 Exception <a 'java/lang/NoSuchMethodError'{0x0000000621ddb520}: 'java.lang.Object java.lang.invoke.DirectMethodHandle$Holder.invokeInterface(java.lang.Object, java.lang.Object)'> (0x0000000621ddb520) 
thrown [s\src\hotspot\share\interpreter\linkResolver.cpp, line 759]
Event: 0.683 Thread 0x0000021aecdb0a60 Exception <a 'java/lang/IncompatibleClassChangeError'{0x0000000621dded18}: Found class java.lang.Object, but interface was expected> (0x0000000621dded18) 
thrown [s\src\hotspot\share\interpreter\linkResolver.cpp, line 826]
Event: 0.683 Thread 0x0000021aecdb0a60 Exception <a 'java/lang/NoSuchMethodError'{0x0000000621de1c00}: 'void java.lang.invoke.DirectMethodHandle$Holder.invokeStaticInit(java.lang.Object, java.lang.Object)'> (0x0000000621de1c00) 
thrown [s\src\hotspot\share\interpreter\linkResolver.cpp, line 759]
Event: 0.684 Thread 0x0000021aecdb0a60 Exception <a 'java/lang/NoSuchMethodError'{0x0000000621de7740}: 'int java.lang.invoke.DirectMethodHandle$Holder.invokeStaticInit(java.lang.Object, java.lang.Object)'> (0x0000000621de7740) 
thrown [s\src\hotspot\share\interpreter\linkResolver.cpp, line 759]
Event: 0.764 Thread 0x0000021aecdb0a60 Exception <a 'java/lang/NoSuchMethodError'{0x00000006059afbf0}: 'java.lang.Object java.lang.invoke.DirectMethodHandle$Holder.invokeStaticInit(java.lang.Object, java.lang.Object, int, int, int, int)'> (0x00000006059afbf0) 
thrown [s\src\hotspot\share\interpreter\linkResolver.cpp, line 759]
Event: 1.270 Thread 0x0000021aecdb0a60 Implicit null exception at 0x0000021af80975bc to 0x0000021af8097bf4
Event: 1.420 Thread 0x0000021aecdb0a60 Implicit null exception at 0x0000021af80a21da to 0x0000021af80a2ce0
Event: 1.517 Thread 0x0000021aecdb0a60 Exception <a 'java/lang/NullPointerException'{0x00000006141576d0}> (0x00000006141576d0) 
thrown [s\src\hotspot\share\interpreter\linkResolver.cpp, line 1350]

VM Operations (20 events):
Event: 0.868 Executing VM operation: HandshakeAllThreads
Event: 0.868 Executing VM operation: HandshakeAllThreads done
Event: 0.973 Executing VM operation: G1CollectForAllocation
Event: 0.974 Executing VM operation: G1CollectForAllocation done
Event: 1.040 Executing VM operation: HandshakeAllThreads
Event: 1.040 Executing VM operation: HandshakeAllThreads done
Event: 1.171 Executing VM operation: HandshakeAllThreads
Event: 1.171 Executing VM operation: HandshakeAllThreads done
Event: 1.553 Executing VM operation: get/set locals
Event: 1.553 Executing VM operation: get/set locals done
Event: 30.306 Executing VM operation: ChangeSingleStep
Event: 30.307 Executing VM operation: ChangeSingleStep done
Event: 30.307 Executing VM operation: ChangeSingleStep
Event: 30.307 Executing VM operation: ChangeSingleStep done
Event: 30.315 Executing VM operation: RedefineClasses
Event: 30.320 Executing VM operation: RedefineClasses done
Event: 30.321 Executing VM operation: ChangeSingleStep
Event: 30.321 Executing VM operation: ChangeSingleStep done
Event: 30.322 Executing VM operation: ChangeSingleStep
Event: 30.322 Executing VM operation: ChangeSingleStep done

Events (20 events):
Event: 1.262 Thread 0x0000021a98865290 Thread exited: 0x0000021a98865290
Event: 1.262 Thread 0x0000021a98645d40 Thread exited: 0x0000021a98645d40
Event: 1.269 loading class java/util/Stack
Event: 1.269 loading class java/util/Stack done
Event: 1.271 loading class jdk/internal/math/FDBigInteger
Event: 1.272 loading class jdk/internal/math/FDBigInteger done
Event: 1.272 loading class java/math/MathContext
Event: 1.272 loading class java/math/MathContext done
Event: 1.277 loading class java/util/Collections$UnmodifiableMap$UnmodifiableEntrySet$UnmodifiableEntry
Event: 1.277 loading class java/util/Collections$UnmodifiableMap$UnmodifiableEntrySet$UnmodifiableEntry done
Event: 1.278 loading class java/util/AbstractList$ListItr
Event: 1.279 loading class java/util/AbstractList$ListItr done
Event: 1.374 loading class java/math/BigDecimal$StringBuilderHelper
Event: 1.374 loading class java/math/BigDecimal$StringBuilderHelper done
Event: 1.467 loading class java/lang/Math$RandomNumberGeneratorHolder
Event: 1.467 loading class java/lang/Math$RandomNumberGeneratorHolder done
Event: 6.519 Thread 0x0000021a93097690 Thread exited: 0x0000021a93097690
Event: 6.519 Thread 0x0000021a964a5e20 Thread exited: 0x0000021a964a5e20
Event: 6.519 Thread 0x0000021a96382400 Thread exited: 0x0000021a96382400
Event: 11.523 Thread 0x0000021a96348bd0 Thread exited: 0x0000021a96348bd0


Dynamic libraries:
0x00007ff7c1370000 - 0x00007ff7c137e000 	C:\Users\Administrator\.p2\pool\plugins\org.eclipse.justj.openjdk.hotspot.jre.full.win32.x86_64_17.0.4.v20220805-1047\jre\bin\javaw.exe
0x00007fff3dc70000 - 0x00007fff3de84000 	C:\WINDOWS\SYSTEM32\ntdll.dll
0x00007fff3bed0000 - 0x00007fff3bf93000 	C:\WINDOWS\System32\KERNEL32.DLL
0x00007fff3b0b0000 - 0x00007fff3b44c000 	C:\WINDOWS\System32\KERNELBASE.dll
0x00007fff3b930000 - 0x00007fff3ba41000 	C:\WINDOWS\System32\ucrtbase.dll
0x00007fff366c0000 - 0x00007fff366d8000 	C:\Users\Administrator\.p2\pool\plugins\org.eclipse.justj.openjdk.hotspot.jre.full.win32.x86_64_17.0.4.v20220805-1047\jre\bin\jli.dll
0x00007fff3bcb0000 - 0x00007fff3be5d000 	C:\WINDOWS\System32\USER32.dll
0x00007fff2b5d0000 - 0x00007fff2b5e9000 	C:\Users\Administrator\.p2\pool\plugins\org.eclipse.justj.openjdk.hotspot.jre.full.win32.x86_64_17.0.4.v20220805-1047\jre\bin\VCRUNTIME140.dll
0x00007fff3ba50000 - 0x00007fff3ba76000 	C:\WINDOWS\System32\win32u.dll
0x00007fff2a400000 - 0x00007fff2a68e000 	C:\WINDOWS\WinSxS\amd64_microsoft.windows.common-controls_6595b64144ccf1df_6.0.22621.608_none_a9444ca7c10bb01d\COMCTL32.dll
0x00007fff3ca40000 - 0x00007fff3ca69000 	C:\WINDOWS\System32\GDI32.dll
0x00007fff3b620000 - 0x00007fff3b732000 	C:\WINDOWS\System32\gdi32full.dll
0x00007fff3d7f0000 - 0x00007fff3d897000 	C:\WINDOWS\System32\msvcrt.dll
0x00007fff3b450000 - 0x00007fff3b4ea000 	C:\WINDOWS\System32\msvcp_win.dll
0x00007fff3d620000 - 0x00007fff3d652000 	C:\WINDOWS\System32\IMM32.DLL
0x00007fff38440000 - 0x00007fff3844c000 	C:\Users\Administrator\.p2\pool\plugins\org.eclipse.justj.openjdk.hotspot.jre.full.win32.x86_64_17.0.4.v20220805-1047\jre\bin\vcruntime140_1.dll
0x00007ffef2d30000 - 0x00007ffef2dc1000 	C:\Users\Administrator\.p2\pool\plugins\org.eclipse.justj.openjdk.hotspot.jre.full.win32.x86_64_17.0.4.v20220805-1047\jre\bin\msvcp140.dll
0x00007ffed81a0000 - 0x00007ffed8de6000 	C:\Users\Administrator\.p2\pool\plugins\org.eclipse.justj.openjdk.hotspot.jre.full.win32.x86_64_17.0.4.v20220805-1047\jre\bin\server\jvm.dll
0x00007fff3d660000 - 0x00007fff3d70e000 	C:\WINDOWS\System32\ADVAPI32.dll
0x00007fff3c420000 - 0x00007fff3c4c4000 	C:\WINDOWS\System32\sechost.dll
0x00007fff3bb90000 - 0x00007fff3bca5000 	C:\WINDOWS\System32\RPCRT4.dll
0x00007fff3be60000 - 0x00007fff3be68000 	C:\WINDOWS\System32\PSAPI.DLL
0x00007fff32ca0000 - 0x00007fff32caa000 	C:\WINDOWS\SYSTEM32\VERSION.dll
0x00007fff36890000 - 0x00007fff36899000 	C:\WINDOWS\SYSTEM32\WSOCK32.dll
0x00007fff3d760000 - 0x00007fff3d7d1000 	C:\WINDOWS\System32\WS2_32.dll
0x00007fff31ed0000 - 0x00007fff31f04000 	C:\WINDOWS\SYSTEM32\WINMM.dll
0x00007fff3a120000 - 0x00007fff3a138000 	C:\WINDOWS\SYSTEM32\kernel.appcore.dll
0x00007fff366f0000 - 0x00007fff366fa000 	C:\Users\Administrator\.p2\pool\plugins\org.eclipse.justj.openjdk.hotspot.jre.full.win32.x86_64_17.0.4.v20220805-1047\jre\bin\jimage.dll
0x00007fff2b280000 - 0x00007fff2b4ae000 	C:\WINDOWS\SYSTEM32\DBGHELP.DLL
0x00007fff3c5d0000 - 0x00007fff3c95a000 	C:\WINDOWS\System32\combase.dll
0x00007fff3c960000 - 0x00007fff3ca37000 	C:\WINDOWS\System32\OLEAUT32.dll
0x00007fff25c00000 - 0x00007fff25c32000 	C:\WINDOWS\SYSTEM32\dbgcore.DLL
0x00007fff3b8b0000 - 0x00007fff3b92b000 	C:\WINDOWS\System32\bcryptPrimitives.dll
0x00007fff1c0f0000 - 0x00007fff1c12b000 	C:\Users\Administrator\.p2\pool\plugins\org.eclipse.justj.openjdk.hotspot.jre.full.win32.x86_64_17.0.4.v20220805-1047\jre\bin\jdwp.dll
0x00007fff2c580000 - 0x00007fff2c58e000 	C:\Users\Administrator\.p2\pool\plugins\org.eclipse.justj.openjdk.hotspot.jre.full.win32.x86_64_17.0.4.v20220805-1047\jre\bin\instrument.dll
0x00007fff24210000 - 0x00007fff24235000 	C:\Users\Administrator\.p2\pool\plugins\org.eclipse.justj.openjdk.hotspot.jre.full.win32.x86_64_17.0.4.v20220805-1047\jre\bin\java.dll
0x00007fff2cae0000 - 0x00007fff2caf8000 	C:\Users\Administrator\.p2\pool\plugins\org.eclipse.justj.openjdk.hotspot.jre.full.win32.x86_64_17.0.4.v20220805-1047\jre\bin\zip.dll
0x00007fff3cda0000 - 0x00007fff3d58f000 	C:\WINDOWS\System32\SHELL32.dll
0x00007fff39090000 - 0x00007fff39958000 	C:\WINDOWS\SYSTEM32\windows.storage.dll
0x00007fff38f50000 - 0x00007fff3908e000 	C:\WINDOWS\SYSTEM32\wintypes.dll
0x00007fff3caf0000 - 0x00007fff3cbe1000 	C:\WINDOWS\System32\SHCORE.dll
0x00007fff3ba80000 - 0x00007fff3bade000 	C:\WINDOWS\System32\shlwapi.dll
0x00007fff3afe0000 - 0x00007fff3b001000 	C:\WINDOWS\SYSTEM32\profapi.dll
0x00007fff2c430000 - 0x00007fff2c43c000 	C:\Users\Administrator\.p2\pool\plugins\org.eclipse.justj.openjdk.hotspot.jre.full.win32.x86_64_17.0.4.v20220805-1047\jre\bin\dt_socket.dll
0x00007fff39c20000 - 0x00007fff39c4d000 	C:\WINDOWS\SYSTEM32\IPHLPAPI.DLL
0x00007fff3a610000 - 0x00007fff3a679000 	C:\WINDOWS\system32\mswsock.dll
0x00007fff39c50000 - 0x00007fff39d43000 	C:\WINDOWS\SYSTEM32\DNSAPI.dll
0x00007fff3cd90000 - 0x00007fff3cd99000 	C:\WINDOWS\System32\NSI.dll
0x00007fff2c9e0000 - 0x00007fff2c9ea000 	C:\Windows\System32\rasadhlp.dll
0x00007fff33420000 - 0x00007fff334a3000 	C:\WINDOWS\System32\fwpuclnt.dll
0x00007fff2c5e0000 - 0x00007fff2c5f9000 	C:\Users\Administrator\.p2\pool\plugins\org.eclipse.justj.openjdk.hotspot.jre.full.win32.x86_64_17.0.4.v20220805-1047\jre\bin\net.dll
0x00007fff33ca0000 - 0x00007fff33dcf000 	C:\WINDOWS\SYSTEM32\WINHTTP.dll
0x00007fff2bfd0000 - 0x00007fff2bfe5000 	C:\Users\Administrator\.p2\pool\plugins\org.eclipse.justj.openjdk.hotspot.jre.full.win32.x86_64_17.0.4.v20220805-1047\jre\bin\nio.dll
0x00007fff2d6d0000 - 0x00007fff2d6e0000 	C:\Users\Administrator\.p2\pool\plugins\org.eclipse.justj.openjdk.hotspot.jre.full.win32.x86_64_17.0.4.v20220805-1047\jre\bin\verify.dll
0x00007fff2cb70000 - 0x00007fff2cb79000 	C:\Users\Administrator\.p2\pool\plugins\org.eclipse.justj.openjdk.hotspot.jre.full.win32.x86_64_17.0.4.v20220805-1047\jre\bin\management.dll
0x00007fff2c620000 - 0x00007fff2c62b000 	C:\Users\Administrator\.p2\pool\plugins\org.eclipse.justj.openjdk.hotspot.jre.full.win32.x86_64_17.0.4.v20220805-1047\jre\bin\management_ext.dll
0x00007fff2ce80000 - 0x00007fff2ce8e000 	C:\Users\Administrator\.p2\pool\plugins\org.eclipse.justj.openjdk.hotspot.jre.full.win32.x86_64_17.0.4.v20220805-1047\jre\bin\sunmscapi.dll
0x00007fff3b740000 - 0x00007fff3b8a6000 	C:\WINDOWS\System32\CRYPT32.dll
0x00007fff3aa20000 - 0x00007fff3aa4d000 	C:\WINDOWS\SYSTEM32\ncrypt.dll
0x00007fff3a9e0000 - 0x00007fff3aa17000 	C:\WINDOWS\SYSTEM32\NTASN1.dll
0x00007fff3a840000 - 0x00007fff3a85b000 	C:\WINDOWS\SYSTEM32\CRYPTSP.dll
0x00007fff3a140000 - 0x00007fff3a175000 	C:\WINDOWS\system32\rsaenh.dll
0x00007fff3a6c0000 - 0x00007fff3a6e8000 	C:\WINDOWS\SYSTEM32\USERENV.dll
0x00007fff3aa50000 - 0x00007fff3aa78000 	C:\WINDOWS\SYSTEM32\bcrypt.dll
0x00007fff3a860000 - 0x00007fff3a86c000 	C:\WINDOWS\SYSTEM32\CRYPTBASE.dll
0x00007fff34020000 - 0x00007fff34039000 	C:\WINDOWS\SYSTEM32\dhcpcsvc6.DLL
0x00007fff34000000 - 0x00007fff3401f000 	C:\WINDOWS\SYSTEM32\dhcpcsvc.DLL

dbghelp: loaded successfully - version: 4.0.5 - missing functions: none
symbol engine: initialized successfully - sym options: 0x614 - pdb path: .;C:\Users\Administrator\.p2\pool\plugins\org.eclipse.justj.openjdk.hotspot.jre.full.win32.x86_64_17.0.4.v20220805-1047\jre\bin;C:\WINDOWS\SYSTEM32;C:\WINDOWS\WinSxS\amd64_microsoft.windows.common-controls_6595b64144ccf1df_6.0.22621.608_none_a9444ca7c10bb01d;C:\Users\Administrator\.p2\pool\plugins\org.eclipse.justj.openjdk.hotspot.jre.full.win32.x86_64_17.0.4.v20220805-1047\jre\bin\server

VM Arguments:
jvm_args: -XX:+ShowCodeDetailsInExceptionMessages -agentlib:jdwp=transport=dt_socket,suspend=y,address=localhost:59522 -javaagent:C:\Users\Administrator\MyFiles\Apps\Eclipse\eclipse\configuration\org.eclipse.osgi\215\0\.cp\lib\javaagent-shaded.jar -Dfile.encoding=UTF-8 
java_command: com.amazonaws.lambda.demo.QwirkleFunctionHandler
java_class_path (initial): C:\Users\Administrator\MyFiles\Apps\Eclipse\Default\QwirkleLambda\target\classes;C:\Users\Administrator\.m2\repository\com\amazonaws\aws-lambda-java-core\1.2.2\aws-lambda-java-core-1.2.2.jar;C:\Users\Administrator\.m2\repository\com\amazonaws\aws-lambda-java-events\2.2.9\aws-lambda-java-events-2.2.9.jar;C:\Users\Administrator\.m2\repository\joda-time\joda-time\2.6\joda-time-2.6.jar;C:\Users\Administrator\.m2\repository\com\amazonaws\aws-java-sdk-dynamodb\1.12.409\aws-java-sdk-dynamodb-1.12.409.jar;C:\Users\Administrator\.m2\repository\com\amazonaws\aws-java-sdk-s3\1.12.409\aws-java-sdk-s3-1.12.409.jar;C:\Users\Administrator\.m2\repository\com\amazonaws\aws-java-sdk-kms\1.12.409\aws-java-sdk-kms-1.12.409.jar;C:\Users\Administrator\.m2\repository\com\amazonaws\aws-java-sdk-core\1.12.409\aws-java-sdk-core-1.12.409.jar;C:\Users\Administrator\.m2\repository\commons-logging\commons-logging\1.1.3\commons-logging-1.1.3.jar;C:\Users\Administrator\.m2\repository\commons-codec\commons-codec\1.15\commons-codec-1.15.jar;C:\Users\Administrator\.m2\repository\org\apache\httpcomponents\httpclient\4.5.13\httpclient-4.5.13.jar;C:\Users\Administrator\.m2\repository\org\apache\httpcomponents\httpcore\4.4.13\httpcore-4.4.13.jar;C:\Users\Administrator\.m2\repository\software\amazon\ion\ion-java\1.0.2\ion-java-1.0.2.jar;C:\Users\Administrator\.m2\repository\com\fasterxml\jackson\core\jackson-databind\2.12.7.1\jackson-databind-2.12.7.1.jar;C:\Users\Administrator\.m2\repository\com\fasterxml\jackson\core\jackson-annotations\2.12.7\jackson-annotations-2.12.7.jar;C:\Users\Administrator\.m2\repository\com\fasterxml\jackson\core\jackson-core\2.12.7\jackson-core-2.12.7.jar;C:\Users\Administrator\.m2\repository\com\fasterxml\jackson\dataformat\jackson-dataformat-cbor\2.12.6\jackson-dataformat-cbor-2.12.6.jar;C:\Users\Administrator\.m2\repository\com\amazonaws\jmespath-java\1.12.409\jmespath-java-1.12.409.jar
Launcher Type: SUN_STANDARD

[Global flags]
     intx CICompilerCount                          = 12                                        {product} {ergonomic}
     uint ConcGCThreads                            = 4                                         {product} {ergonomic}
     uint G1ConcRefinementThreads                  = 15                                        {product} {ergonomic}
   size_t G1HeapRegionSize                         = 4194304                                   {product} {ergonomic}
    uintx GCDrainStackTargetSize                   = 64                                        {product} {ergonomic}
   size_t InitialHeapSize                          = 532676608                                 {product} {ergonomic}
   size_t MarkStackSize                            = 4194304                                   {product} {ergonomic}
   size_t MaxHeapSize                              = 8522825728                                {product} {ergonomic}
   size_t MaxNewSize                               = 5112856576                                {product} {ergonomic}
   size_t MinHeapDeltaBytes                        = 4194304                                   {product} {ergonomic}
   size_t MinHeapSize                              = 8388608                                   {product} {ergonomic}
    uintx NonNMethodCodeHeapSize                   = 7602480                                {pd product} {ergonomic}
    uintx NonProfiledCodeHeapSize                  = 122027880                              {pd product} {ergonomic}
    uintx ProfiledCodeHeapSize                     = 122027880                              {pd product} {ergonomic}
    uintx ReservedCodeCacheSize                    = 251658240                              {pd product} {ergonomic}
     bool SegmentedCodeCache                       = true                                      {product} {ergonomic}
     bool ShowCodeDetailsInExceptionMessages       = true                                   {manageable} {command line}
   size_t SoftMaxHeapSize                          = 8522825728                             {manageable} {ergonomic}
     bool UseCompressedClassPointers               = true                           {product lp64_product} {ergonomic}
     bool UseCompressedOops                        = true                           {product lp64_product} {ergonomic}
     bool UseG1GC                                  = true                                      {product} {ergonomic}
     bool UseLargePagesIndividualAllocation        = false                                  {pd product} {ergonomic}

Logging:
Log output configuration:
 #0: stdout all=warning uptime,level,tags
 #1: stderr all=off uptime,level,tags

Environment Variables:
JAVA_HOME=C:\Program Files\Java\jdk-19
PATH=C:\Users\Administrator\.p2\pool\plugins\org.eclipse.justj.openjdk.hotspot.jre.full.win32.x86_64_17.0.4.v20220805-1047\jre\bin;C:/Users/Administrator/.p2/pool/plugins/org.eclipse.justj.openjdk.hotspot.jre.full.win32.x86_64_17.0.4.v20220805-1047/jre/bin/server;C:/Users/Administrator/.p2/pool/plugins/org.eclipse.justj.openjdk.hotspot.jre.full.win32.x86_64_17.0.4.v20220805-1047/jre/bin;C:\Program Files\Common Files\Oracle\Java\javapath;C:\WINDOWS\system32;C:\WINDOWS\System32\Wbem;C:\WINDOWS;C:\WINDOWS\System32\WindowsPowerShell\v1.0\;C:\WINDOWS\System32\OpenSSH\;C:\Program Files (x86)\Common Files\Oracle\Java\javapath;C:\Program Files (x86)\Razer Chroma SDK\bin;C:\Program Files\Razer Chroma SDK\bin;C:\Program Files (x86)\Razer\ChromaBroadcast\bin;C:\Program Files\Razer\ChromaBroadcast\bin;C:\Program Files\Google\Chrome\Application;C:\Windows\system32;C:\Windows;C:\Windows\System32\Wbem;C:\Windows\System32\WindowsPowerShell\v1.0\;C:\Windows\System32\OpenSSH\;C:\Program Files (x86)\NVIDIA Corporation\PhysX\Common;C:\Users\Administrator\AppData\Local\Microsoft\WindowsApps;C:\Program Files\NVIDIA Corporation\NVIDIA NvDLISR;C:\Windows\system32\config\systemprofile\AppData\Local\Microsoft\WindowsApps;C:\Users\Administrator\MyFiles\Apps\Python\Scripts;C:\Program Files\Git\cmd;C:\Program Files\nodejs\;C:\Users\Administrator\AppData\Local\Programs\Python\Python310\Scripts\;C:\Users\Administrator\AppData\Local\Programs\Python\Python310\;C:\Users\Administrator\AppData\Local\Microsoft\WindowsApps;C:\Users\Administrator\AppData\Roaming\npm;C:\Users\Administrator\AppData\Local\Programs\Microsoft VS Code\bin;C:\Program Files\JetBrains\IntelliJ IDEA Community Edition 2022.3.1\bin;;C:\Users\Administrator\MyFiles\Apps\Eclipse\eclipse;
USERNAME=Administrator
OS=Windows_NT
PROCESSOR_IDENTIFIER=Intel64 Family 6 Model 151 Stepping 2, GenuineIntel
TMP=C:\Users\ADMINI~1\AppData\Local\Temp
TEMP=C:\Users\ADMINI~1\AppData\Local\Temp



---------------  S Y S T E M  ---------------

OS:
 Windows 11 , 64 bit Build 22621 (10.0.22621.1194)
OS uptime: 6 days 11:11 hours
Hyper-V role detected

CPU: total 20 (initial active 20) (10 cores per cpu, 2 threads per core) family 6 model 151 stepping 2 microcode 0x1f, cx8, cmov, fxsr, ht, mmx, 3dnowpref, sse, sse2, sse3, ssse3, sse4.1, sse4.2, popcnt, lzcnt, tsc, tscinvbit, avx, avx2, aes, erms, clmul, bmi1, bmi2, adx, sha, fma, vzeroupper, clflush, clflushopt, clwb, hv

Memory: 4k page, system-wide physical 32509M (22279M free)
TotalPageFile size 37373M (AvailPageFile size 24941M)
current process WorkingSet (physical memory assigned to process): 132M, peak: 208M
current process commit charge ("private bytes"): 421M, peak: 718M

vm_info: OpenJDK 64-Bit Server VM (17.0.4+8) for windows-amd64 JRE (17.0.4+8), built on Jul 19 2022 16:05:16 by "temurin" with MS VC++ 16.7 (VS2019)

END.
